-22.77754494,-50.22480166,-11.60361169
2.94914047,9.63409583,-9.15717142
19.67413993,9.86420053,30.05487701
10.57398629,24.72415681,2.08822117
18.36082559,25.14541117,4.25229045
13.72691198,6.23960208,12.91980939
13.70928209,17.56231692,2.65250898
10.80133259,12.38693026,-12.90884875
4.17518784,-8.52146886,16.97887673
4.20794344,6.30604765,-7.70451698
-15.14074465,-10.22533067,-4.64820874
5.56284580,27.36297230,6.28220016
-5.99574444,-8.29669202,-5.96684729
-10.29024590,-5.45894399,-9.57327420
5.57016704,-20.58703246,19.56732928
7.08160257,17.18747971,-14.71727839
-20.20394226,-24.29771219,-1.75076502
5.44722297,13.20947809,-12.72085469
-17.50446496,-14.84175558,-0.55602032
-8.61383930,-5.77867956,-2.64723721
4.65418543,7.14744984,12.08748593
4.33599882,-11.91140616,17.26829250
-13.03794482,-5.85592620,-13.02466754
-5.39920313,-41.72266139,-37.86103380
3.42023155,-12.59150117,17.51323376
-15.04654728,-13.62979035,-8.29288863
-13.95175771,-7.24184585,-7.82640658
28.74448270,10.82448428,45.63657352
14.71379569,6.49594464,12.57341918
-17.34873102,-10.43359085,-9.91103557
9.98364362,35.12879029,6.72643631
-24.69134468,-15.74789641,-8.20186219
5.56728265,-13.46470215,18.22406216
18.44389823,7.68864649,25.31490584
11.23656387,3.72810125,5.81859933
0.35438604,41.06280382,4.10406348
-10.56813981,-10.74112467,-10.48884145
13.57515008,31.88498416,5.74880165
5.46991102,11.39420209,-13.01101425
-15.39671953,-17.51122809,-3.30537889
-18.49088161,-12.24438378,-10.75515133
-15.21041511,-10.35486986,-11.36530536
9.76263096,12.65741759,-14.16829436
31.90867941,37.40232738,6.56704913
2.39989414,31.83616788,11.09024588
10.34303407,8.12454815,-12.76535720
-11.04262744,-5.95065830,-11.36734922
19.55742482,8.59294985,12.25491896
-23.11683701,-41.51623412,-17.04271668
15.45600246,6.24825927,13.18333822
4.00813885,-5.38610716,16.34459861
17.92869421,9.04951076,22.03726706
21.34878087,9.17582677,15.10006174
-10.02419425,-9.15381974,-6.94226393
8.28246379,34.61247168,7.32131194
-10.84691861,-11.48411265,-9.89897536
24.07786675,9.36873997,38.13740310
-4.49868077,-6.51160868,-3.82283112
6.45036337,6.04027180,14.31983442
20.35660939,6.28230348,10.15156294
28.00385080,8.23939319,13.93627346
8.13892042,25.93636274,14.42217587
4.02643229,23.65478403,5.29877722
9.13934774,19.31041714,-2.20794668
4.51269211,-8.07405732,15.20068385
6.49770072,-11.04473342,21.68565604
3.85121859,-8.77165207,14.02326636
12.36726304,18.87977333,-2.27601762
8.42648196,32.68001823,8.84088659
2.42444595,-4.07059785,9.22619259
-0.56964539,20.91069511,7.36605725
6.21208741,10.48522661,2.95524239
10.69732986,5.85349601,15.91946176
2.41837028,17.41298860,5.24194543
5.61393405,28.45208098,6.15115887
12.58706087,34.94174236,9.21082293
2.99402607,29.22064262,6.77138396
-14.32637435,-9.26610278,-9.59887943
2.42577705,22.55659679,6.20940283
19.85355035,26.97183592,48.90299516
7.21671631,18.57945577,-15.18455264
-12.88092366,-24.08076835,-10.97995398
19.41255267,5.10704872,9.24489034
5.77849522,11.36077992,6.67400321
20.21813781,28.01827504,5.41269163
-6.09204177,-2.07788518,-6.88726339
-13.70656833,-7.49995662,-8.58496376
18.49877954,32.66041065,11.06914220
-18.74430781,-16.41016185,-13.80379236
16.23886453,24.65448192,6.62396767
-13.63999561,-8.38859715,-6.96624266
52.58435843,11.49363496,27.27282545
12.38396808,29.51792206,3.96773552
0.50541480,1.85505146,5.01880555
17.75121488,27.60054246,6.78302901
-13.17758751,-5.59643078,-11.63798576
24.66615618,24.67302833,22.71907248
-19.03345983,-13.87428590,-8.01498677
10.97029046,35.65230291,9.35404233
6.57730313,12.66055473,-12.94608810
20.05003501,5.17561983,12.00884269
8.86228216,8.99450612,21.00525045
2.80041651,5.11193403,11.40978328
16.47981079,7.38935446,28.26655075
10.35275934,27.67641395,3.71736589
6.52404200,17.24630091,5.86083776
6.85459755,19.97788517,4.85256793
2.22164595,-4.72610937,10.99434316
6.81834239,39.22483316,7.56493691
10.73455790,20.26437890,-1.67845507
7.20639369,24.41703271,1.01625773
11.01341569,19.49774056,12.35989610
9.56934677,2.55300365,4.43115875
6.19219501,21.06520179,5.12075738
79.37653763,10.37777660,16.27063077
29.00461114,8.42704590,16.55281898
10.67608533,21.38720694,3.39591380
3.16201493,15.18638394,4.13504300
-18.40641461,-14.43735713,-4.12732364
17.99945183,6.96228518,15.61463860
8.96096687,23.83739773,1.99195044
2.40640079,-3.53885184,11.77228435
22.11670634,7.47909235,20.30379926
-14.49492795,-27.18046924,-14.86847093
21.78913582,32.15061908,6.31037041
13.99123902,26.10110325,5.53585111
5.45496006,28.44187038,9.50314651
4.67528961,26.16934978,7.50004636
23.21435937,9.00787938,20.29905974
25.25915382,9.63850465,16.11526454
-9.68437692,-8.09780319,-5.49662487
15.50309293,8.07660524,22.03100675
9.98263542,17.14134408,-16.30481930
15.63329137,18.65980644,-4.23792380
8.93365236,32.07841080,10.26170376
-6.78471286,-5.51671207,-2.47205159
-7.37632711,-7.11457723,-2.72050384
-14.23288912,-11.67696927,-5.65390399
0.51390483,2.79753396,3.94105505
14.10817285,21.58351746,5.68334713
12.91621156,26.38505755,4.82019697
1.16586941,-10.33040497,12.15620497
12.64047520,15.78247090,-16.59561824
30.78813257,6.33420376,25.41527820
12.61340851,4.23268872,8.28297413
-8.70927964,-3.05740279,-9.47808708
9.74176798,25.75027517,8.88069542
38.72911471,8.58826751,19.01789479
23.08043911,12.55826468,38.93618912
15.03379663,17.72232610,13.27588137
9.96648692,4.62291677,12.78466581
7.19162777,16.89242425,5.66223525
-19.68488121,-18.84959874,-1.02639763
11.49731543,12.69914202,-13.21793845
-0.08040292,26.29533449,7.52979754
-7.23979257,-13.89087832,-8.70789764
6.69520749,26.48716071,6.30844209
9.38472839,19.92402355,-18.49751060
8.08918100,16.28755143,6.69531719
5.30759367,7.69532139,13.63386877
4.46057133,-3.34331109,21.54752330
2.73810705,27.78956903,7.56749615
1.88018069,6.63580938,9.95740848
-10.22010618,-6.87057429,-6.72255889
-16.09031619,-24.94303188,-17.34185122
-16.69690071,-11.94467271,-4.89207419
5.66385286,-5.78520029,26.23841977
-16.49819466,-5.40623553,-17.26364916
6.08535480,25.06385932,7.65948646
8.93035955,18.16997169,2.35692867
7.34696224,11.56599660,7.20127093
9.41632673,28.76941412,4.50288023
12.25781577,24.00395036,6.83007958
-10.48148734,-7.77595189,-6.95880631
1.52488082,-4.09869861,8.61746790
2.31709048,11.55537178,3.01907042
-10.40284149,-5.13586840,-7.54207428
8.08450572,35.11891739,11.83467352
8.20835516,33.01363132,7.03190994
9.45087051,20.64077161,-20.03643015
2.63357500,-9.04527173,14.37760169
4.15161568,4.05434903,10.94472935
4.03700424,-9.79450950,15.88024289
-10.44220650,-31.18020632,-18.06594749
19.46649555,27.46257461,5.78973159
8.28976196,18.42209972,-16.09424383
8.29141818,19.95679886,2.71256856
16.10103939,18.20278137,-1.78918000
8.20256910,26.34406538,2.63560167
9.37738379,22.38744306,7.05083095
3.49333945,21.20631337,5.40071623
-13.12764761,-8.68824256,-7.74848495
15.87315047,7.74116712,22.53131136
2.48712975,28.34823972,8.92377741
4.60295262,-11.12379014,15.80594825
16.60997934,6.97883367,17.42685360
-11.61259891,-9.26981449,-7.33496463
-14.72105121,-31.46985637,-12.90371097
1.81574794,30.50026346,8.00547587
20.16554682,7.50913542,16.96752854
18.20870331,4.42668337,7.04043233
-8.30278572,-17.06137634,-12.91503958
-14.04413804,-25.51822178,-12.07735552
-14.12820287,-5.85630919,-11.59581035
1.33937517,16.24349953,4.80712838
6.60377094,30.39086707,7.31432776
9.52375424,11.54222300,21.16234360
12.61548370,4.96009422,10.04660700
-15.44060018,-19.97696376,-16.08201094
14.58507689,18.93032611,13.22739532
4.38643427,10.82118665,-11.19874731
9.83595113,12.97690136,-0.95543895
7.13486603,16.97899235,4.92859210
13.71209458,6.87995196,13.85050954
2.86096076,-5.81667483,10.98182044
14.49136234,15.35084147,-3.31462303
8.30935578,14.48893693,-12.60865785
-13.37580532,-8.38844983,-4.98786280
8.14511792,-2.58136096,16.76060412
30.30162194,34.17406936,28.44024000
15.65540839,6.98147318,11.66094992
6.37359966,41.94552961,12.01291258
-6.22982122,-2.52477218,-9.59554802
5.29250982,25.46753567,9.84830514
15.56382631,5.49981644,12.12359824
10.38235774,14.63324877,-19.48096889
-8.62196403,-16.84341872,-9.19514376
5.24918710,6.36063757,10.66430881
6.70532344,5.36700730,17.74124371
9.27605638,10.26001010,22.52048675
6.76108437,12.90605013,-13.92138309
-13.77356039,-7.48636822,-7.32634346
3.49270476,20.76994749,4.20614300
-20.23825842,-15.77390749,-11.15795999
-6.41723089,-3.09523438,-7.73027366
2.00769320,33.31414931,9.72018996
3.05026225,-6.08366032,11.99737002
21.17659136,7.20014160,14.19913956
8.43817420,19.82422075,4.05447859
16.26692585,8.82994092,15.33247919
